<?xml version="1.0" encoding="UTF-8"?>
<testsuite xmlns:xsi="http://www.w3.org/2001/XMLSchema-instance" xsi:noNamespaceSchemaLocation="https://maven.apache.org/surefire/maven-surefire-plugin/xsd/surefire-test-report-3.0.xsd" version="3.0" name="StepDefs.TestRunner" time="12.218" tests="3" errors="0" skipped="0" failures="0">
  <properties>
[...]
</properties>
  <testcase name="Add one item to the cart" classname="This feature file will be verified with add to cart functionality" time="4.829">
    <system-out><![CDATA[
@Sanity
Scenario: Add one item to the cart                       # src/test/java/features/AddToCart.feature:10
  Given I have launched the application                  # StepDefs.Login1StepDefs.i_have_launched_the_application()
  When I enter username as "standard_user"               # StepDefs.Login1StepDefs.i_enter_username_as(java.lang.String)
  And I enter password as "secret_sauce"                 # StepDefs.Login1StepDefs.i_enter_password_as(java.lang.String)
  And I click on login button                            # StepDefs.Login1StepDefs.i_click_on_login_button()
  And I Add an item as "Sauce Labs Onesie"               # StepDefs.CartStepDefs.i_Add_an_item_as(java.lang.String)
  Then I go to Cart                                      # StepDefs.CartStepDefs.i_go_to_Cart()
  And I Should see as 1 item(s) in the cart              # StepDefs.CartStepDefs.i_Should_see_as_item_s_in_the_cart(int)
item nameSauce Labs Onesie
  And Cart Should Contain an item as "Sauce Labs Onesie" # StepDefs.CartStepDefs.cart_Should_Contain_an_item_as(java.lang.String)
]]></system-out>
    <system-err><![CDATA[May 28, 2023 10:28:07 PM io.cucumber.junit.Cucumber <init>
WARNING: By default Cucumber is running in --non-strict mode.
This default will change to --strict and --non-strict will be removed.
You can use --strict or @CucumberOptions(strict = true) to suppress this warning
SLF4J: Failed to load class "org.slf4j.impl.StaticLoggerBinder".
SLF4J: Defaulting to no-operation (NOP) logger implementation
SLF4J: See http://www.slf4j.org/codes.html#StaticLoggerBinder for further details.
Starting ChromeDriver 113.0.5672.63 (0e1a4471d5ae5bf128b1bd8f4d627c8cbd55f70c-refs/branch-heads/5672@{#912}) on port 19329
Only local connections are allowed.
Please see https://chromedriver.chromium.org/security-considerations for suggestions on keeping ChromeDriver safe.
ChromeDriver was started successfully.
May 28, 2023 10:28:11 PM org.openqa.selenium.remote.ProtocolHandshake createSession
INFO: Detected dialect: W3C
]]></system-err>
  </testcase>
  <testcase name="Validate the login failure scenario" classname="This feature file will do Login operations" time="3.521">
    <system-out><![CDATA[
@Sanity
Scenario: Validate the login failure scenario # src/test/java/features/Login1.feature:7
  Given I have launched the application       # StepDefs.Login1StepDefs.i_have_launched_the_application()
  When I enter username                       # StepDefs.Login1StepDefs.i_enter_username()
  And I enter password                        # StepDefs.Login1StepDefs.i_enter_password()
  And I click on login button                 # StepDefs.Login1StepDefs.i_click_on_login_button()
  Then I should get error message             # StepDefs.Login1StepDefs.i_should_get_error_message()
]]></system-out>
    <system-err><![CDATA[Starting ChromeDriver 113.0.5672.63 (0e1a4471d5ae5bf128b1bd8f4d627c8cbd55f70c-refs/branch-heads/5672@{#912}) on port 23187
Only local connections are allowed.
Please see https://chromedriver.chromium.org/security-considerations for suggestions on keeping ChromeDriver safe.
ChromeDriver was started successfully.
May 28, 2023 10:28:14 PM org.openqa.selenium.remote.ProtocolHandshake createSession
INFO: Detected dialect: W3C
]]></system-err>
  </testcase>
  <testcase name="User should be logged in successfully" classname="This feature file will do Login operations" time="3.456">
    <system-out><![CDATA[
@Sanity
Scenario: User should be logged in successfully # src/test/java/features/Login1.feature:27
  Given I have launched the application         # StepDefs.Login1StepDefs.i_have_launched_the_application()
  When I enter username as "standard_user"      # StepDefs.Login1StepDefs.i_enter_username_as(java.lang.String)
  And I enter password as "secret_sauce"        # StepDefs.Login1StepDefs.i_enter_password_as(java.lang.String)
  And I click on login button                   # StepDefs.Login1StepDefs.i_click_on_login_button()
  Then I should be landed on home page          # StepDefs.Login1StepDefs.i_should_be_landed_on_home_page()
]]></system-out>
    <system-err><![CDATA[Starting ChromeDriver 113.0.5672.63 (0e1a4471d5ae5bf128b1bd8f4d627c8cbd55f70c-refs/branch-heads/5672@{#912}) on port 45623
Only local connections are allowed.
Please see https://chromedriver.chromium.org/security-considerations for suggestions on keeping ChromeDriver safe.
ChromeDriver was started successfully.
May 28, 2023 10:28:18 PM org.openqa.selenium.remote.ProtocolHandshake createSession
INFO: Detected dialect: W3C
]]></system-err>
  </testcase>
</testsuite>